<?xml version="1.0" encoding="UTF-8"?>
<!-- Generated by org.testng.reporters.JUnitReportReporter -->
<testsuite hostname="synlpt167" failures="0" tests="1" name="Hrms.Directorysearch" time="31.705" errors="0" timestamp="2022-06-08T17:08:48 IST" skipped="0">
  <testcase classname="Hrms.Directorysearch" name="employeeSearch" time="31.705"/>
  <system-out/>
</testsuite> <!-- Hrms.Directorysearch -->
