<?xml version="1.0" encoding="UTF-8"?>
<!-- Generated by org.testng.reporters.JUnitReportReporter -->
<testsuite hostname="synlpt167" failures="0" tests="1" name="Hrms.HomePage" time="9.331" errors="0" timestamp="2022-06-08T13:18:23 IST" skipped="0">
  <testcase classname="Hrms.HomePage" name="basePageNavigation" time="9.331"/>
  <system-out/>
</testsuite> <!-- Hrms.HomePage -->
