<?xml version="1.0" encoding="UTF-8"?>
<!-- Generated by org.testng.reporters.JUnitReportReporter -->
<testsuite hostname="synlpt167" failures="0" tests="1" name="Hrms.Loggedin" time="9.118" errors="0" timestamp="2022-06-09T16:37:56 IST" skipped="0">
  <testcase classname="Hrms.Loggedin" name="base" time="9.118"/>
  <system-out/>
</testsuite> <!-- Hrms.Loggedin -->
